<?xml version="1.0" encoding="UTF-8"?>
<!-- Generated by org.testng.reporters.JUnitReportReporter -->
<testsuite skipped="0" hostname="Jaya-PC" name="testcases.TC003_CreateTestLead" tests="2" failures="0" timestamp="08 Jun 2018 15:44:43 GMT" time="100.586" errors="0">
  <testcase name="CreateLead" time="48.506" classname="testcases.TC003_CreateTestLead"/>
  <testcase name="CreateLead" time="52.080" classname="testcases.TC003_CreateTestLead"/>
</testsuite> <!-- testcases.TC003_CreateTestLead -->
