<?xml version="1.0" encoding="UTF-8"?>
<!-- Generated by org.testng.reporters.JUnitReportReporter -->
<testsuite skipped="0" hostname="Jaya-PC" name="grid.CrystalCruises" tests="1" failures="0" timestamp="10 Jun 2018 11:02:40 GMT" time="26.888" errors="0">
  <testcase name="crystalCruises" time="26.888" classname="grid.CrystalCruises"/>
</testsuite> <!-- grid.CrystalCruises -->
